lib_appupdate/build/intermediates/manifest_merge_blame_file/release/manifest-merger-blame-release-report.txt
1<?xml version="1.0" encoding="utf-8"?>
2<manifest xmlns:android="http://schemas.android.com/apk/res/android"
3    package="com.skeletalmuscle.appupdate" >
4
5    <uses-sdk android:minSdkVersion="26" />
6
7    <uses-permission android:name="android.permission.READ_EXTERNAL_STORAGE" />
7-->src/main/AndroidManifest.xml:5:5-80
7-->src/main/AndroidManifest.xml:5:22-77
8    <uses-permission android:name="android.permission.WRITE_EXTERNAL_STORAGE" />
8-->src/main/AndroidManifest.xml:6:5-81
8-->src/main/AndroidManifest.xml:6:22-78
9    <!-- 适配Android O 应用安装 -->
10    <uses-permission android:name="android.permission.REQUEST_INSTALL_PACKAGES" />
10-->src/main/AndroidManifest.xml:8:5-83
10-->src/main/AndroidManifest.xml:8:22-80
11    <uses-permission android:name="android.permission.INTERNET" />
11-->src/main/AndroidManifest.xml:9:5-67
11-->src/main/AndroidManifest.xml:9:22-64
12
13    <application>
13-->src/main/AndroidManifest.xml:11:5-22:19
14        <provider
14-->src/main/AndroidManifest.xml:12:9-20:20
15            android:name="androidx.core.content.FileProvider"
15-->src/main/AndroidManifest.xml:13:13-62
16            android:authorities="com.skeletalmuscle.appupdate.fileProvider"
16-->src/main/AndroidManifest.xml:14:13-76
17            android:exported="false"
17-->src/main/AndroidManifest.xml:15:13-37
18            android:grantUriPermissions="true" >
18-->src/main/AndroidManifest.xml:16:13-47
19            <meta-data
19-->src/main/AndroidManifest.xml:17:13-19:53
20                android:name="android.support.FILE_PROVIDER_PATHS"
20-->src/main/AndroidManifest.xml:18:17-67
21                android:resource="@xml/filepaths" />
21-->src/main/AndroidManifest.xml:19:17-50
22        </provider>
23    </application>
24
25</manifest>